[0402/223829.592:ERROR:process_info.cc(608)] range at 0xff29e000, size 0x230 fully unreadable
[0402/223829.916:ERROR:process_info.cc(608)] range at 0xff29d000, size 0xf84 fully unreadable
[0402/223829.916:ERROR:process_info.cc(608)] range at 0xff297000, size 0xf84 fully unreadable
[0402/223829.917:ERROR:process_info.cc(608)] range at 0xff16f000, size 0xf84 fully unreadable
[0402/223829.917:ERROR:process_info.cc(608)] range at 0xff16c000, size 0xf84 fully unreadable
[0402/223829.917:ERROR:process_info.cc(608)] range at 0xff169000, size 0xf84 fully unreadable
[0402/223829.917:ERROR:process_info.cc(608)] range at 0xff166000, size 0xf84 fully unreadable
[0402/223829.917:ERROR:process_info.cc(608)] range at 0xff163000, size 0xf84 fully unreadable
[0402/223829.917:ERROR:process_info.cc(608)] range at 0xff160000, size 0xf84 fully unreadable
[0402/224012.941:ERROR:process_info.cc(608)] range at 0xff89e000, size 0x230 fully unreadable
[0402/224013.015:ERROR:process_info.cc(608)] range at 0xff89d000, size 0xf84 fully unreadable
[0402/224013.015:ERROR:process_info.cc(608)] range at 0xff89a000, size 0xf84 fully unreadable
[0402/224013.015:ERROR:process_info.cc(608)] range at 0xff897000, size 0xf84 fully unreadable
[0402/224013.015:ERROR:process_info.cc(608)] range at 0xff76f000, size 0xf84 fully unreadable
[0402/224013.015:ERROR:process_info.cc(608)] range at 0xff76c000, size 0xf84 fully unreadable
[0402/224013.015:ERROR:process_info.cc(608)] range at 0xff769000, size 0xf84 fully unreadable
[0402/224013.015:ERROR:process_info.cc(608)] range at 0xff766000, size 0xf84 fully unreadable
[0402/224013.015:ERROR:process_info.cc(608)] range at 0xff763000, size 0xf84 fully unreadable
[0402/224013.015:ERROR:process_info.cc(608)] range at 0xff760000, size 0xf84 fully unreadable
[0402/224013.015:ERROR:process_info.cc(608)] range at 0xff75d000, size 0xf84 fully unreadable
[0402/224013.015:ERROR:process_info.cc(608)] range at 0xff75a000, size 0xf84 fully unreadable
[0402/224013.016:ERROR:process_info.cc(608)] range at 0xff757000, size 0xf84 fully unreadable
[0402/224013.016:ERROR:process_info.cc(608)] range at 0xff754000, size 0xf84 fully unreadable
[0402/224013.016:ERROR:process_info.cc(608)] range at 0xff751000, size 0xf84 fully unreadable
[0403/011427.876:ERROR:process_info.cc(608)] range at 0xff1ce000, size 0x230 fully unreadable
[0403/011427.939:ERROR:process_reader_win.cc(233)] ReadMemory at 0x4e79ee0 of 72 bytes failed: Only part of a ReadProcessMemory or WriteProcessMemory request was completed. (0x12B)
[0403/011427.940:ERROR:process_reader_win.cc(233)] ReadMemory at 0x4e732f8 of 72 bytes failed: Only part of a ReadProcessMemory or WriteProcessMemory request was completed. (0x12B)
[0403/011427.940:ERROR:process_reader_win.cc(233)] ReadMemory at 0x4e73218 of 72 bytes failed: Only part of a ReadProcessMemory or WriteProcessMemory request was completed. (0x12B)
[0403/011427.940:ERROR:process_reader_win.cc(233)] ReadMemory at 0x4e71310 of 784 bytes failed: Only part of a ReadProcessMemory or WriteProcessMemory request was completed. (0x12B)
[0403/011427.940:ERROR:process_snapshot_win.cc(386)] ReadMemory RTL_USER_PROCESS_PARAMETERS
[0403/011427.942:ERROR:process_info.cc(608)] range at 0xff1cd000, size 0xf84 fully unreadable
[0403/011427.942:ERROR:process_info.cc(608)] range at 0xff1ca000, size 0xf84 fully unreadable
[0403/011427.942:ERROR:process_info.cc(608)] range at 0xff1c7000, size 0xf84 fully unreadable
[0403/011427.942:ERROR:process_info.cc(608)] range at 0xff09f000, size 0xf84 fully unreadable
[0403/011427.942:ERROR:process_info.cc(608)] range at 0xff09c000, size 0xf84 fully unreadable
[0403/011427.942:ERROR:process_info.cc(608)] range at 0xff099000, size 0xf84 fully unreadable
[0403/011427.943:ERROR:process_info.cc(608)] range at 0xff096000, size 0xf84 fully unreadable
[0403/011427.943:ERROR:process_info.cc(608)] range at 0xff093000, size 0xf84 fully unreadable
[0403/011427.943:ERROR:process_info.cc(608)] range at 0xff090000, size 0xf84 fully unreadable
[0403/011427.943:ERROR:process_info.cc(608)] range at 0xff08d000, size 0xf84 fully unreadable
[0403/011427.943:ERROR:process_info.cc(608)] range at 0xff08a000, size 0xf84 fully unreadable
[0403/011427.943:ERROR:process_info.cc(608)] range at 0xff087000, size 0xf84 fully unreadable
[0403/011427.943:ERROR:process_info.cc(608)] range at 0xff084000, size 0xf84 fully unreadable
[0403/011427.943:ERROR:process_info.cc(608)] range at 0xff081000, size 0xf84 fully unreadable
[0403/011427.977:ERROR:process_reader_win.cc(233)] ReadMemory at 0x937000 of 36864 bytes failed: Only part of a ReadProcessMemory or WriteProcessMemory request was completed. (0x12B)
[0403/011427.977:ERROR:crash_report_exception_handler.cc(111)] WriteEverything failed
[0403/011427.983:ERROR:scoped_process_suspend.cc(38)] NtResumeProcess: An attempt was made to access an exiting process.  (0xc000010a)
